12:13:46.223 [main] INFO  testCases.TC_001_AccountRegistrationTest - *** Starting TC_001_AccountRegistrationTest ***
12:13:47.921 [main] INFO  testCases.TC_001_AccountRegistrationTest - Registration Started
12:13:48.939 [main] INFO  testCases.TC_001_AccountRegistrationTest - Registration Completed
12:13:48.939 [main] INFO  testCases.TC_001_AccountRegistrationTest - Validation Started
12:14:07.329 [main] INFO  testCases.TC_002_LoginTest - *** Starting TC_002_LoginTest ***
12:14:08.897 [main] INFO  testCases.TC_002_LoginTest - Login Started
12:14:11.135 [main] INFO  testCases.TC_002_LoginTest - Login Done
12:14:11.239 [main] INFO  testCases.TC_002_LoginTest - *** Finished TC_002_LoginTest ***
12:17:57.316 [main] INFO  testCases.TC_001_AccountRegistrationTest - *** Starting TC_001_AccountRegistrationTest ***
12:17:58.496 [main] INFO  testCases.TC_001_AccountRegistrationTest - Registration Started
12:18:01.216 [main] INFO  testCases.TC_001_AccountRegistrationTest - Registration Completed
12:18:01.216 [main] INFO  testCases.TC_001_AccountRegistrationTest - Validation Started
12:18:09.483 [main] INFO  testCases.TC_002_LoginTest - *** Starting TC_002_LoginTest ***
12:18:11.045 [main] INFO  testCases.TC_002_LoginTest - Login Started
12:18:13.076 [main] INFO  testCases.TC_002_LoginTest - Login Done
12:18:13.148 [main] INFO  testCases.TC_002_LoginTest - *** Finished TC_002_LoginTest ***
12:19:46.714 [main] INFO  testCases.TC_001_AccountRegistrationTest - *** Starting TC_001_AccountRegistrationTest ***
12:19:47.858 [main] INFO  testCases.TC_001_AccountRegistrationTest - Registration Started
12:19:50.396 [main] INFO  testCases.TC_001_AccountRegistrationTest - Registration Completed
12:19:50.396 [main] INFO  testCases.TC_001_AccountRegistrationTest - Validation Started
12:19:50.456 [main] INFO  testCases.TC_001_AccountRegistrationTest - *** TC_001_AccountRegistrationTest Finished ***
12:21:23.593 [main] INFO  testCases.TC_001_AccountRegistrationTest - *** Starting TC_001_AccountRegistrationTest ***
12:21:24.964 [main] INFO  testCases.TC_001_AccountRegistrationTest - Registration Started
12:21:27.205 [main] INFO  testCases.TC_001_AccountRegistrationTest - Registration Completed
12:21:27.205 [main] INFO  testCases.TC_001_AccountRegistrationTest - Validation Started
12:21:27.263 [main] INFO  testCases.TC_001_AccountRegistrationTest - *** TC_001_AccountRegistrationTest Finished ***
12:21:34.648 [main] INFO  testCases.TC_002_LoginTest - *** Starting TC_002_LoginTest ***
12:21:35.842 [main] INFO  testCases.TC_002_LoginTest - Login Started
12:21:38.146 [main] INFO  testCases.TC_002_LoginTest - Login Done
12:21:38.222 [main] INFO  testCases.TC_002_LoginTest - *** Finished TC_002_LoginTest ***
12:55:43.914 [main] INFO  testCases.TC_001_AccountRegistrationTest - *** Starting TC_001_AccountRegistrationTest ***
12:55:45.536 [main] INFO  testCases.TC_001_AccountRegistrationTest - Registration Started
12:55:48.301 [main] INFO  testCases.TC_001_AccountRegistrationTest - Registration Completed
12:55:48.301 [main] INFO  testCases.TC_001_AccountRegistrationTest - Validation Started
12:55:48.363 [main] INFO  testCases.TC_001_AccountRegistrationTest - *** TC_001_AccountRegistrationTest Finished ***
12:55:57.464 [main] INFO  testCases.TC_002_LoginTest - *** Starting TC_002_LoginTest ***
12:55:58.890 [main] INFO  testCases.TC_002_LoginTest - Login Started
12:56:00.900 [main] INFO  testCases.TC_002_LoginTest - Login Done
12:56:00.990 [main] INFO  testCases.TC_002_LoginTest - *** Finished TC_002_LoginTest ***
13:31:10.110 [main] INFO  testCases.TC_001_AccountRegistrationTest - *** Starting TC_001_AccountRegistrationTest ***
13:31:11.526 [main] INFO  testCases.TC_001_AccountRegistrationTest - Registration Started
13:31:14.137 [main] INFO  testCases.TC_001_AccountRegistrationTest - Registration Completed
13:31:14.137 [main] INFO  testCases.TC_001_AccountRegistrationTest - Validation Started
13:31:14.196 [main] INFO  testCases.TC_001_AccountRegistrationTest - *** TC_001_AccountRegistrationTest Finished ***
13:31:21.491 [main] INFO  testCases.TC_002_LoginTest - *** Starting TC_002_LoginTest ***
13:31:22.932 [main] INFO  testCases.TC_002_LoginTest - Login Started
13:31:25.072 [main] INFO  testCases.TC_002_LoginTest - Login Done
13:31:25.156 [main] INFO  testCases.TC_002_LoginTest - *** Finished TC_002_LoginTest ***
13:35:24.727 [main] INFO  testCases.TC_001_AccountRegistrationTest - *** Starting TC_001_AccountRegistrationTest ***
13:35:26.008 [main] INFO  testCases.TC_001_AccountRegistrationTest - Registration Started
13:35:28.598 [main] INFO  testCases.TC_001_AccountRegistrationTest - Registration Completed
13:35:28.598 [main] INFO  testCases.TC_001_AccountRegistrationTest - Validation Started
13:35:28.675 [main] INFO  testCases.TC_001_AccountRegistrationTest - *** TC_001_AccountRegistrationTest Finished ***
13:35:35.383 [main] INFO  testCases.TC_002_LoginTest - *** Starting TC_002_LoginTest ***
13:35:36.475 [main] INFO  testCases.TC_002_LoginTest - Login Started
13:35:38.444 [main] INFO  testCases.TC_002_LoginTest - Login Done
13:35:38.509 [main] INFO  testCases.TC_002_LoginTest - *** Finished TC_002_LoginTest ***
13:40:05.026 [main] INFO  testCases.TC_001_AccountRegistrationTest - *** Starting TC_001_AccountRegistrationTest ***
13:40:06.368 [main] INFO  testCases.TC_001_AccountRegistrationTest - Registration Started
13:40:08.808 [main] INFO  testCases.TC_001_AccountRegistrationTest - Registration Completed
13:40:08.808 [main] INFO  testCases.TC_001_AccountRegistrationTest - Validation Started
13:40:08.860 [main] INFO  testCases.TC_001_AccountRegistrationTest - *** TC_001_AccountRegistrationTest Finished ***
13:40:15.209 [main] INFO  testCases.TC_002_LoginTest - *** Starting TC_002_LoginTest ***
13:40:16.316 [main] INFO  testCases.TC_002_LoginTest - Login Started
13:40:18.402 [main] INFO  testCases.TC_002_LoginTest - Login Done
13:40:18.477 [main] INFO  testCases.TC_002_LoginTest - *** Finished TC_002_LoginTest ***
